2025-03-24T20:25:15.846353+0200 INFO app started
2025-03-24T20:31:13.671346+0200 INFO app started
2025-03-24T20:31:38.072625+0200 INFO main page loaded
2025-03-24T20:33:26.440739+0200 INFO app started
2025-03-24T20:33:32.524213+0200 INFO main page loaded
2025-03-24T20:33:35.155929+0200 INFO main page loaded
2025-03-24T20:33:45.461050+0200 INFO app started
2025-03-24T20:33:49.154025+0200 INFO main page loaded
2025-03-24T20:37:21.970988+0200 INFO app started
2025-03-24T20:37:22.641524+0200 INFO main page loaded
2025-03-24T20:37:25.875952+0200 INFO main page loaded
2025-03-24T20:37:42.705610+0200 INFO app started
2025-03-24T20:37:47.341037+0200 INFO main page loaded
2025-03-24T20:38:04.359896+0200 INFO catalog loaded
2025-03-24T22:42:14.469052+0200 INFO app started
2025-03-24T22:44:11.385250+0200 INFO app started
2025-03-24T22:49:39.906777+0200 INFO app started
2025-03-24T22:50:53.836639+0200 INFO app started
2025-03-24T22:52:07.831694+0200 INFO catalog loaded
2025-03-24T23:28:23.913245+0200 INFO app started
2025-03-24T23:28:46.253866+0200 INFO app started
2025-03-24T23:29:35.580918+0200 INFO app started
2025-03-24T23:29:42.535577+0200 INFO catalog loaded
2025-03-24T23:31:43.799201+0200 INFO app started
2025-03-24T23:31:59.091689+0200 INFO catalog loaded
2025-03-24T23:32:38.259758+0200 INFO app started
2025-03-24T23:32:47.749967+0200 INFO catalog loaded
2025-03-24T23:36:11.787287+0200 INFO app started
2025-03-24T23:39:01.388544+0200 INFO app started
2025-03-24T23:39:16.407619+0200 INFO app started
2025-03-24T23:39:37.210674+0200 INFO app started
2025-03-24T23:40:34.755118+0200 INFO app started
2025-03-24T23:41:04.321979+0200 INFO app started
2025-03-24T23:42:27.836269+0200 INFO app started
2025-03-24T23:45:35.518792+0200 INFO app started
2025-03-24T23:45:53.856997+0200 INFO app started
2025-03-24T23:46:06.495326+0200 INFO catalog loaded
2025-03-24T23:47:00.355615+0200 INFO app started
2025-03-24T23:51:18.597884+0200 INFO app started
2025-03-24T23:51:42.737752+0200 INFO catalog loaded
2025-03-24T23:52:32.352418+0200 INFO app started
2025-03-24T23:53:26.101575+0200 INFO app started
2025-03-24T23:53:35.061646+0200 INFO catalog loaded
2025-03-24T23:54:05.557823+0200 INFO main page loaded
2025-03-24T23:59:02.141001+0200 INFO catalog loaded
2025-03-24T23:59:07.289529+0200 INFO main page loaded
2025-03-25T00:08:17.659268+0200 INFO app started
2025-03-25T00:08:26.786683+0200 INFO Password for TimeosJs has been hashed.
2025-03-25T00:08:26.786683+0200 INFO User object created: TimeosJs
2025-03-25T00:08:26.927714+0200 INFO User TimeosJs logged in successfully.
2025-03-25T00:08:26.933720+0200 INFO main page loaded
2025-03-25T00:09:46.904202+0200 INFO app started
2025-03-25T00:09:53.100321+0200 WARNING User TimeosJs already exists.
2025-03-25T00:09:53.106329+0200 INFO catalog loaded
2025-03-25T00:12:26.631231+0200 INFO app started
2025-03-25T00:12:35.116167+0200 INFO Password for TimeosJООs has been hashed.
2025-03-25T00:12:35.116167+0200 INFO User object created: TimeosJООs
2025-03-25T00:12:35.198218+0200 INFO User TimeosJООs logged in successfully.
2025-03-25T00:12:35.198218+0200 ERROR Error during registration: Textual SQL expression 'SELECT * FROM users LIMIT...' should be explicitly declared as text('SELECT * FROM users LIMIT...')
2025-03-25T00:13:30.309536+0200 INFO app started
2025-03-25T00:14:30.397810+0200 INFO Password for TimeosJ789 has been hashed.
2025-03-25T00:14:30.397810+0200 INFO User object created: TimeosJ789
2025-03-25T00:14:30.546928+0200 INFO User TimeosJ789 logged in successfully.
2025-03-25T00:14:30.551933+0200 INFO main page loaded
2025-03-25T00:16:30.149698+0200 INFO app started
2025-03-25T00:16:39.825161+0200 INFO Password for TimeosJ78s9 has been hashed.
2025-03-25T00:16:39.992997+0200 INFO User object created: TimeosJ78s9
2025-03-25T00:16:39.993997+0200 INFO User TimeosJ78s9 logged in successfully.
2025-03-25T00:16:39.999002+0200 INFO main page loaded
2025-03-25T00:19:02.523719+0200 INFO app started
2025-03-25T00:19:13.179030+0200 INFO Password for TimeosJ78s92 has been hashed.
2025-03-25T00:19:13.371635+0200 INFO User object created: TimeosJ78s92
2025-03-25T00:19:13.372636+0200 INFO User TimeosJ78s92 logged in successfully.
2025-03-25T00:19:13.377640+0200 INFO main page loaded
2025-03-25T00:23:06.064686+0200 INFO app started
2025-03-25T00:23:13.505917+0200 INFO Password for TimeosJ78s9222 has been hashed.
2025-03-25T00:23:13.620006+0200 INFO User object created: TimeosJ78s9222
2025-03-25T00:23:13.621008+0200 INFO User TimeosJ78s9222 logged in successfully.
2025-03-25T00:23:13.628012+0200 INFO main page loaded
2025-03-25T00:25:11.771737+0200 INFO app started
2025-03-25T00:26:36.103560+0200 INFO app started
2025-03-25T00:26:53.665077+0200 INFO Password for TimeosJ78s92229 has been hashed.
2025-03-25T00:26:53.995351+0200 INFO User object created: TimeosJ78s92229
2025-03-25T00:26:53.995351+0200 INFO User TimeosJ78s92229 logged in successfully.
2025-03-25T00:26:54.001357+0200 INFO main page loaded
2025-03-25T00:32:20.268848+0200 INFO app started
2025-03-25T00:33:07.877423+0200 INFO Password for TimeosJ78s922298 has been hashed.
2025-03-25T00:33:08.058458+0200 INFO User object created: TimeosJ78s922298
2025-03-25T00:33:08.058458+0200 INFO User TimeosJ78s922298 logged in successfully.
2025-03-25T00:33:08.063462+0200 INFO main page loaded
2025-03-25T00:34:09.181187+0200 INFO app started
2025-03-25T00:34:25.414770+0200 INFO Password for TimeosJ2 has been hashed.
2025-03-25T00:34:25.617281+0200 INFO User object created: TimeosJ2
2025-03-25T00:34:25.617281+0200 INFO User TimeosJ2 logged in successfully.
2025-03-25T00:34:25.625288+0200 INFO main page loaded
2025-03-25T00:34:52.715815+0200 INFO main page loaded
2025-03-25T00:36:34.069946+0200 INFO app started
2025-03-25T00:36:36.548365+0200 INFO main page loaded
2025-03-25T00:36:36.548365+0200 INFO Mozilla/5.0 (Windows NT 10.0; Win64; x64) AppleWebKit/537.36 (KHTML, like Gecko) Chrome/134.0.0.0 Safari/537.36 entered
2025-03-25T00:38:54.107028+0200 INFO app started
2025-03-25T00:38:59.901185+0200 INFO main page loaded
2025-03-25T00:38:59.902185+0200 INFO Mozilla/5.0 (Windows NT 10.0; Win64; x64) AppleWebKit/537.36 (KHTML, like Gecko) Chrome/134.0.0.0 Safari/537.36 entered
2025-03-25T00:39:17.173672+0200 INFO app started
2025-03-25T00:39:19.099623+0200 INFO main page loaded
2025-03-25T00:39:22.033944+0200 INFO main page loaded
2025-03-25T00:39:44.901216+0200 INFO app started
2025-03-25T00:39:47.316516+0200 INFO main page loaded
2025-03-25T00:40:15.057595+0200 INFO Password for TimeosJ2311 has been hashed.
2025-03-25T00:40:15.151624+0200 INFO User object created: TimeosJ2311
2025-03-25T00:40:15.151624+0200 INFO User TimeosJ2311 logged in successfully.
2025-03-25T00:40:15.157631+0200 INFO main page loaded
2025-03-25T00:40:31.236977+0200 INFO app started
2025-03-25T00:40:32.666477+0200 INFO main page loaded
2025-03-25T00:41:54.612232+0200 INFO app started
2025-03-25T00:41:57.885328+0200 INFO main page loaded
2025-03-25T00:41:59.534372+0200 INFO catalog loaded
2025-03-25T00:42:38.733942+0200 INFO app started
2025-03-25T00:42:56.591560+0200 INFO app started
2025-03-25T00:42:58.444980+0200 INFO catalog loaded
2025-03-25T00:43:12.019525+0200 INFO catalog loaded
2025-03-25T00:43:13.410362+0200 INFO catalog loaded
2025-03-25T00:44:08.515885+0200 INFO app started
2025-03-25T00:44:23.358081+0200 INFO app started
2025-03-25T00:44:48.704559+0200 INFO app started
2025-03-25T00:46:03.105741+0200 INFO app started
2025-03-25T00:46:25.037234+0200 INFO app started
2025-03-25T00:47:38.332017+0200 INFO app started
2025-03-25T00:47:47.392641+0200 INFO main page loaded
2025-03-25T00:47:50.986796+0200 INFO main page loaded
2025-03-25T00:47:54.666428+0200 INFO main page loaded
2025-03-25T00:48:13.925849+0200 INFO catalog loaded
2025-03-25T00:49:02.044886+0200 INFO app started
2025-03-25T00:49:04.417893+0200 INFO main page loaded
2025-03-25T00:49:07.241996+0200 INFO main page loaded
2025-03-25T00:49:21.409942+0200 INFO Password for TimeosJs has been hashed.
2025-03-25T00:49:21.571791+0200 INFO User object created: TimeosJs
2025-03-25T00:49:21.572794+0200 INFO User TimeosJs logged in successfully.
2025-03-25T00:49:21.579800+0200 INFO main page loaded
2025-03-25T00:49:35.751810+0200 INFO catalog loaded
2025-03-25T00:53:49.743238+0200 INFO app started
2025-03-25T00:54:37.623754+0200 INFO catalog loaded
2025-03-25T00:56:54.131830+0200 INFO app started
2025-03-25T00:57:29.356558+0200 INFO app started
2025-03-25T00:57:53.454834+0200 INFO app started
2025-03-25T00:59:08.502158+0200 INFO app started
2025-03-25T00:59:14.750853+0200 INFO catalog loaded
2025-03-25T00:59:58.037418+0200 INFO catalog loaded
2025-03-25T01:00:12.550363+0200 INFO app started
2025-03-25T01:00:16.269607+0200 INFO catalog loaded
2025-03-25T01:00:50.078482+0200 INFO main page loaded
2025-03-25T01:01:07.957569+0200 INFO catalog loaded
2025-03-25T01:02:02.394918+0200 INFO catalog loaded
2025-03-25T01:02:24.332975+0200 INFO catalog loaded
2025-03-25T01:02:26.845400+0200 INFO main page loaded
2025-03-25T01:05:58.910400+0200 INFO catalog loaded
2025-03-25T01:06:19.930601+0200 INFO main page loaded
2025-03-25T01:06:20.915207+0200 INFO main page loaded
2025-03-25T01:06:30.787348+0200 INFO app started
2025-03-25T01:06:33.951109+0200 INFO main page loaded
2025-03-25T01:06:35.093655+0200 INFO main page loaded
2025-03-25T01:06:42.658221+0200 INFO catalog loaded
2025-03-25T01:07:05.572078+0200 INFO Password for Timeo has been hashed.
2025-03-25T01:07:05.669310+0200 INFO User object created: Timeo
2025-03-25T01:07:05.669310+0200 INFO User Timeo logged in successfully.
2025-03-25T01:07:05.675316+0200 INFO main page loaded
2025-03-25T01:08:56.574184+0200 INFO app started
2025-03-25T01:09:01.990454+0200 INFO catalog loaded
2025-03-25T01:09:07.694701+0200 INFO main page loaded
2025-03-25T01:09:15.110332+0200 INFO Password for Timeos1 has been hashed.
2025-03-25T01:09:15.687363+0200 INFO User object created: Timeos1
2025-03-25T01:09:15.687363+0200 INFO User Timeos1 logged in successfully.
2025-03-25T01:09:15.693369+0200 INFO main page loaded
2025-03-25T13:14:41.968015+0200 INFO app started
2025-03-25T13:14:53.145544+0200 INFO main page loaded
2025-03-25T13:15:03.448940+0200 INFO catalog loaded
2025-03-25T13:16:19.199380+0200 INFO main page loaded
2025-03-25T13:17:15.419149+0200 INFO main page loaded
2025-03-25T13:17:30.353303+0200 INFO main page loaded
2025-03-25T13:17:31.145856+0200 INFO main page loaded
2025-03-25T13:18:11.578667+0200 INFO app started
2025-03-25T13:20:24.599761+0200 INFO app started
2025-03-25T13:20:33.755776+0200 INFO main page loaded
2025-03-25T13:21:06.030890+0200 INFO Password for TimeosJ22222 has been hashed.
2025-03-25T13:21:06.130968+0200 INFO User object created: TimeosJ22222
2025-03-25T13:21:06.130968+0200 INFO User TimeosJ22222 logged in successfully.
2025-03-25T13:21:06.135973+0200 INFO main page loaded
2025-03-25T13:21:14.444866+0200 INFO catalog loaded
2025-03-25T13:21:15.430532+0200 INFO main page loaded
2025-03-25T13:21:31.130290+0200 INFO main page loaded
2025-03-25T13:21:33.876217+0200 INFO main page loaded
2025-03-25T13:22:06.697709+0200 INFO main page loaded
2025-03-25T13:22:11.969532+0200 INFO Password for TimeosJ has been hashed.
2025-03-25T13:22:12.064533+0200 INFO User object created: TimeosJ
2025-03-25T13:22:12.065536+0200 INFO User TimeosJ logged in successfully.
2025-03-25T13:22:12.069541+0200 INFO main page loaded
2025-03-25T13:26:03.217598+0200 INFO app started
2025-03-25T13:26:05.714376+0200 INFO main page loaded
2025-03-25T13:26:12.558610+0200 INFO catalog loaded
2025-03-25T13:26:14.374535+0200 INFO main page loaded
2025-03-25T13:26:16.130798+0200 INFO main page loaded
2025-03-25T13:26:18.756986+0200 INFO main page loaded
2025-03-25T13:27:05.110985+0200 INFO app started
2025-03-25T13:27:07.147706+0200 INFO main page loaded
2025-03-25T13:27:21.464652+0200 INFO app started
2025-03-25T13:27:23.978245+0200 INFO main page loaded
2025-03-25T13:27:52.785505+0200 INFO app started
2025-03-25T13:27:54.243623+0200 INFO main page loaded
2025-03-25T13:28:12.711933+0200 INFO app started
2025-03-25T13:28:23.196600+0200 INFO main page loaded
2025-03-25T13:31:49.235032+0200 INFO app started
2025-03-25T13:31:53.346294+0200 INFO main page loaded
2025-03-25T13:34:12.751635+0200 INFO app started
2025-03-25T13:37:27.481873+0200 INFO app started
2025-03-25T13:55:39.785316+0200 INFO catalog loaded
2025-03-25T13:55:56.576819+0200 INFO catalog loaded
2025-03-25T13:56:07.986547+0200 INFO catalog loaded
2025-03-25T13:56:34.852586+0200 INFO app started
2025-03-25T13:56:54.636483+0200 INFO app started
2025-03-25T13:57:40.678764+0200 INFO main page loaded
2025-03-25T13:59:19.341646+0200 INFO app started
2025-03-25T13:59:28.132799+0200 INFO main page loaded
2025-03-25T13:59:36.051324+0200 INFO main page loaded
2025-03-25T13:59:54.350496+0200 INFO Password for Timeos has been hashed.
2025-03-25T13:59:54.500626+0200 INFO User object created: Timeos
2025-03-25T13:59:54.500626+0200 INFO User Timeos logged in successfully.
2025-03-25T13:59:54.506631+0200 INFO main page loaded
2025-03-25T14:00:01.612155+0200 WARNING User Timeos already exists.
2025-03-25T14:00:01.618160+0200 INFO catalog loaded
2025-03-25T14:00:13.408504+0200 INFO main page loaded
2025-03-25T14:01:24.872943+0200 WARNING User Timeos already exists.
2025-03-25T14:01:24.881951+0200 INFO catalog loaded
2025-03-25T14:01:38.875325+0200 INFO main page loaded
2025-03-25T14:01:48.152514+0200 INFO main page loaded
2025-03-25T14:02:52.243897+0200 INFO app started
2025-03-25T14:03:06.758119+0200 WARNING User Timeos already exists.
2025-03-25T14:03:08.483232+0200 INFO main page loaded
